------------------------------------------------------------
Client connecting to 239.94.1.1, UDP port 5001
Sending 1200 byte datagrams, IPG target: 0.00 us (kalman adjust)
UDP buffer size:  208 KByte (default)
------------------------------------------------------------
[  1] local 10.1.64.3 port 50709 connected with 239.94.1.1 port 5001
[ ID] Interval       Transfer     Bandwidth
[  1] 0.00-1.00 sec  3.52 KBytes  28.8 Kbits/sec
[  1] 1.00-2.00 sec  1.17 KBytes  9.60 Kbits/sec
[  1] 2.00-3.00 sec  1.17 KBytes  9.60 Kbits/sec
[  1] 3.00-4.00 sec  1.17 KBytes  9.60 Kbits/sec
[  1] 4.00-5.00 sec  1.17 KBytes  9.60 Kbits/sec
[  1] 5.00-6.00 sec  1.17 KBytes  9.60 Kbits/sec
[  1] 6.00-7.00 sec  1.17 KBytes  9.60 Kbits/sec
[  1] 7.00-8.00 sec  1.17 KBytes  9.60 Kbits/sec
[  1] 8.00-9.00 sec  1.17 KBytes  9.60 Kbits/sec
[  1] 9.00-10.00 sec  1.17 KBytes  9.60 Kbits/sec
[  1] 10.00-11.00 sec  1.17 KBytes  9.60 Kbits/sec
[  1] 0.00-11.52 sec  16.4 KBytes  11.7 Kbits/sec
[  1] Sent 15 datagrams
