------------------------------------------------------------
Client connecting to 239.94.1.1, UDP port 5001
Sending 1200 byte datagrams, IPG target: 0.00 us (kalman adjust)
UDP buffer size:  208 KByte (default)
------------------------------------------------------------
[  1] local 10.1.64.3 port 53510 connected with 239.94.1.1 port 5001
[ ID] Interval       Transfer     Bandwidth
[  1] 0.00-1.00 sec  1.17 KBytes  9.60 Kbits/sec
[  1] 1.00-2.00 sec  0.000 Bytes  0.000 bits/sec
[  1] 2.00-3.00 sec  0.000 Bytes  0.000 bits/sec
[  1] 3.00-4.00 sec  0.000 Bytes  0.000 bits/sec
[  1] 4.00-5.00 sec  0.000 Bytes  0.000 bits/sec
[  1] 5.00-6.00 sec  0.000 Bytes  0.000 bits/sec
[  1] 6.00-7.00 sec  0.000 Bytes  0.000 bits/sec
[  1] 7.00-8.00 sec  0.000 Bytes  0.000 bits/sec
[  1] 8.00-9.00 sec  1.17 KBytes  9.60 Kbits/sec
[  1] 9.00-10.00 sec  1.17 KBytes  9.60 Kbits/sec
[  1] 10.00-11.00 sec  0.000 Bytes  0.000 bits/sec
[  1] 11.00-12.00 sec  0.000 Bytes  0.000 bits/sec
[  1] 12.00-13.00 sec  0.000 Bytes  0.000 bits/sec
[  1] 13.00-14.00 sec  0.000 Bytes  0.000 bits/sec
[  1] 14.00-15.00 sec  0.000 Bytes  0.000 bits/sec
[  1] 15.00-16.00 sec  0.000 Bytes  0.000 bits/sec
[  1] 16.00-17.00 sec  0.000 Bytes  0.000 bits/sec
[  1] 17.00-18.00 sec  0.000 Bytes  0.000 bits/sec
[  1] 18.00-19.00 sec  1.17 KBytes  9.60 Kbits/sec
[  1] 19.00-20.00 sec  0.000 Bytes  0.000 bits/sec
[  1] 20.00-21.00 sec  0.000 Bytes  0.000 bits/sec
[  1] 21.00-22.00 sec  0.000 Bytes  0.000 bits/sec
[  1] 22.00-23.00 sec  0.000 Bytes  0.000 bits/sec
[  1] 23.00-24.00 sec  0.000 Bytes  0.000 bits/sec
[  1] 24.00-25.00 sec  0.000 Bytes  0.000 bits/sec
[  1] 25.00-26.00 sec  0.000 Bytes  0.000 bits/sec
[  1] 26.00-27.00 sec  0.000 Bytes  0.000 bits/sec
[  1] 0.00-28.80 sec  5.86 KBytes  1.67 Kbits/sec
[  1] Sent 6 datagrams
